0 info it worked if it ends with ok
1 verbose cli [ 'C:\\Program Files\\nodejs\\node.exe',
1 verbose cli   'C:\\Users\\jh3r\\AppData\\Roaming\\npm\\node_modules\\npm\\bin\\npm-cli.js',
1 verbose cli   'run',
1 verbose cli   'dev' ]
2 info using npm@3.10.9
3 info using node@v6.9.0
4 verbose run-script [ 'predev', 'dev', 'postdev' ]
5 info lifecycle newkit@0.0.1~predev: newkit@0.0.1
6 silly lifecycle newkit@0.0.1~predev: no script for predev, continuing
7 info lifecycle newkit@0.0.1~dev: newkit@0.0.1
8 verbose lifecycle newkit@0.0.1~dev: unsafe-perm in lifecycle true
9 verbose lifecycle newkit@0.0.1~dev: PATH: C:\Users\jh3r\AppData\Roaming\npm\node_modules\npm\bin\node-gyp-bin;D:\TeamCode\newkit\node_modules\.bin;D:\GreenSoft\cmder_mini\bin;D:\GreenSoft\cmder_mini\vendor\msysgit\bin;D:\GreenSoft\cmder_mini\vendor\msysgit\mingw\bin;D:\GreenSoft\cmder_mini\vendor\msysgit\cmd;D:\GreenSoft\cmder_mini\vendor\msysgit\share\vim\vim74;D:\GreenSoft\cmder_mini;D:\GreenSoft\cmder_mini\vendor\conemu-maximus5\ConEmu;D:\GreenSoft\cmder_mini\vendor\conemu-maximus5;c:\program files\graphicsmagick-1.3.25-q16;C:\Program Files\ImageMagick-7.0.3-Q16;C:\Windows\system32;C:\Windows;C:\Windows\System32\Wbem;C:\Windows\System32\WindowsPowerShell\v1.0\;C:\Program Files (x86)\ATI Technologies\ATI.ACE\Core-Static;D:\GreenSoft\cmder_mini;C:\Program Files\Git\mingw64\bin;C:\Program Files (x86)\Windows Kits\8.1\Windows Performance Toolkit\;C:\Python27;C:\Program Files\Git\usr\bin;C:\Program Files\Microsoft SQL Server\Client SDK\ODBC\110\Tools\Binn\;C:\Program Files (x86)\Microsoft SQL Server\120\Tools\Binn\ManagementStudio\;C:\Program Files (x86)\Microsoft SQL Server\120\Tools\Binn\;C:\Program Files\Microsoft SQL Server\120\Tools\Binn\;C:\Program Files (x86)\Microsoft SQL Server\120\DTS\Binn\;C:\Program Files\Microsoft SQL Server\120\DTS\Binn\;D:\GreenSoft\php-7.0.7-nts-Win32-VC14-x64;C:\Program Files\Microsoft SQL Server\110\Tools\Binn\;C:\Go\bin;C:\Program Files\dotnet\;C:\Users\jh3r\AppData\Local\Code\bin;d:\Program Files (x86)\Microsoft VS Code\bin;C:\Go\bin;C:\Users\jh3r\AppData\Local\ComposerSetup\bin;C:\Users\jh3r\AppData\Roaming\Composer\vendor\bin;C:\Users\jh3r\AppData\Roaming\npm;C:\Program Files\nodejs
10 verbose lifecycle newkit@0.0.1~dev: CWD: D:\TeamCode\newkit
11 silly lifecycle newkit@0.0.1~dev: Args: [ '/d /s /c',
11 silly lifecycle   'gulp4 build --gulpfile build/gulpfile.js --cwd ./' ]
12 silly lifecycle newkit@0.0.1~dev: Returned: code: 1  signal: null
13 info lifecycle newkit@0.0.1~dev: Failed to exec dev script
14 verbose stack Error: newkit@0.0.1 dev: `gulp4 build --gulpfile build/gulpfile.js --cwd ./`
14 verbose stack Exit status 1
14 verbose stack     at EventEmitter.<anonymous> (C:\Users\jh3r\AppData\Roaming\npm\node_modules\npm\lib\utils\lifecycle.js:255:16)
14 verbose stack     at emitTwo (events.js:106:13)
14 verbose stack     at EventEmitter.emit (events.js:191:7)
14 verbose stack     at ChildProcess.<anonymous> (C:\Users\jh3r\AppData\Roaming\npm\node_modules\npm\lib\utils\spawn.js:40:14)
14 verbose stack     at emitTwo (events.js:106:13)
14 verbose stack     at ChildProcess.emit (events.js:191:7)
14 verbose stack     at maybeClose (internal/child_process.js:877:16)
14 verbose stack     at Process.ChildProcess._handle.onexit (internal/child_process.js:226:5)
15 verbose pkgid newkit@0.0.1
16 verbose cwd D:\TeamCode\newkit
17 error Windows_NT 10.0.10586
18 error argv "C:\\Program Files\\nodejs\\node.exe" "C:\\Users\\jh3r\\AppData\\Roaming\\npm\\node_modules\\npm\\bin\\npm-cli.js" "run" "dev"
19 error node v6.9.0
20 error npm  v3.10.9
21 error code ELIFECYCLE
22 error newkit@0.0.1 dev: `gulp4 build --gulpfile build/gulpfile.js --cwd ./`
22 error Exit status 1
23 error Failed at the newkit@0.0.1 dev script 'gulp4 build --gulpfile build/gulpfile.js --cwd ./'.
23 error Make sure you have the latest version of node.js and npm installed.
23 error If you do, this is most likely a problem with the newkit package,
23 error not with npm itself.
23 error Tell the author that this fails on your system:
23 error     gulp4 build --gulpfile build/gulpfile.js --cwd ./
23 error You can get information on how to open an issue for this project with:
23 error     npm bugs newkit
23 error Or if that isn't available, you can get their info via:
23 error     npm owner ls newkit
23 error There is likely additional logging output above.
24 verbose exit [ 1, true ]
